argv=[] ilog=Playground title=Playground dbug=

/Downloads/No Man's Sky/normal/playground\py\0\20210910214525_1.jpg
SysInfo: entering...
322 SysInfo: mn=0.024 (9, 9) crop.shape=(135, 535)
SysInfo: station= Doludes
Celestial Bodies: 6 Planets
Dominant Lifeform: Korvax
Economy: Experimental // Booming
Conflict level: Critical
361 fix_info_fn:fi: [{'Economy: Experimenta // Booming': 'Economy: Experimental // Booming'}]
361 fix_info_fn:b: Doludes[System Info] ['Celestial Bodies: 6 Planets', 'Dominant Lifeform: Korvax', 'Economy: Experimental // Booming', 'Conflict level: Critical']
361 fix_info_fn:a: Doludes[System Info] ['Celestial Bodies: 6 Planets', 'Dominant Lifeform: Korvax', 'Economy: Experimental // Booming', 'Conflict level: Critical']

/Downloads/No Man's Sky/normal/playground\py\0\20210910214538_1.jpg
SysInfo: entering...
Glyphs: entering... Doludes
Glyphs: e:0 111100100100

/Downloads/No Man's Sky/normal/playground\py\0\20210910214539_1.jpg
SysInfo: entering...
Visited: entering... Doludes
437 Techno: entering... Doludes
448 Techno: avail2: mn=1.000 (0, 0)
584 Resource: entering... Doludes
598 Resource: resrc2: 0.000 (8, 65)
631 Resource: s=Doludes, i=1, p= "Onrovi"
650 Resource: profile= Weather: Sulphurous Inferno
650 Resource: profile= Sentinels: Threatening
650 Resource: profile= Flora: 
650 Resource: profile= Fauna: Full
660 fix_info_fn:fi: [{'Flora: ': 'Flora: Low'}]
660 fix_info_fn:b: Onrovi[Planet Info] ['Weather: Sulphurous Inferno', 'Sentinels: Threatening', 'Flora: ', 'Fauna: Full']
660 fix_info_fn:a: Onrovi[Planet Info] ['Weather: Sulphurous Inferno', 'Sentinels: Threatening', 'Flora: Low', 'Fauna: Full']
682 Resource: 0.233 resource= Cobalt 
682 Resource: 0.266 resource= Basalt 
682 Resource: 0.374 resource= Activated Copper 

{
  "Doludes": {
    "System Info": [
      "Celestial Bodies: 6 Planets",
      "Dominant Lifeform: Korvax",
      "Economy: Experimental // Booming",
      "Conflict level: Critical",
      "Glyphs: 111100100100"
    ],
    "Technology": {},
    "Buy Sell": {},
    "Onrovi": {
      "Planet Info": [
        "Weather: Sulphurous Inferno",
        "Sentinels: Threatening",
        "Flora: Low",
        "Fauna: Full"
      ],
      "Resources": [
        "Cobalt",
        "Basalt",
        "Activated Copper"
      ]
    }
  }
}

elasped time: 0.6
class_set: set()

